2017-09-21 23:24:21,507 [Worker-0] INFO  c.g.t.t.d.PublishedGradleVersions - Gradle version information cache is up-to-date. Trying to read.
2017-09-21 23:26:51,164 [Worker-11] INFO  o.e.m.c.i.l.LifecycleMappingFactory - Using org.eclipse.m2e.jdt.JarLifecycleMapping lifecycle mapping for MavenProject: br.com.seniorsolution.mavendao:01_ConceitosDependencia:1.0.0 @ C:\Users\TIO BIGA\FACULDADE\TREINAMENTOS\Impacta Exercs\Modulo02\Modulo02\01_ConceitosDependencia\pom.xml.
2017-09-21 23:26:54,086 [Worker-11] WARN  o.e.m.c.i.embedder.EclipseLogger - Using platform encoding (Cp1252 actually) to copy filtered resources, i.e. build is platform dependent!
2017-09-21 23:26:54,093 [Worker-11] INFO  o.e.m.c.i.embedder.EclipseLogger - skip non existing resourceDirectory C:\Users\TIO BIGA\FACULDADE\TREINAMENTOS\Impacta Exercs\Modulo02\Modulo02\01_ConceitosDependencia\src\main\resources
2017-09-21 23:26:54,097 [Worker-11] WARN  o.e.m.c.i.embedder.EclipseLogger - Using platform encoding (Cp1252 actually) to copy filtered resources, i.e. build is platform dependent!
2017-09-21 23:26:54,104 [Worker-11] INFO  o.e.m.c.i.embedder.EclipseLogger - skip non existing resourceDirectory C:\Users\TIO BIGA\FACULDADE\TREINAMENTOS\Impacta Exercs\Modulo02\Modulo02\01_ConceitosDependencia\src\test\resources
2017-09-21 23:26:56,551 [Worker-11] INFO  o.e.m.c.i.l.LifecycleMappingFactory - Using org.maven.ide.eclipse.wtp.WarLifecycleMapping lifecycle mapping for MavenProject: br.com.seniorsolution.mavenweb:03_ProjetoWeb:1.0.0 @ C:\Users\TIO BIGA\FACULDADE\TREINAMENTOS\Impacta Exercs\Modulo02\Modulo02\03_ProjetoWeb\pom.xml.
2017-09-21 23:26:57,845 [Worker-11] INFO  o.e.m.c.i.e.AbstractTransferListenerAdapter - Downloading https://repo.maven.apache.org/maven2/mysql/mysql-connector-java/5.1.42/mysql-connector-java-5.1.42.pom
2017-09-21 23:26:58,068 [Worker-11] INFO  o.e.m.c.i.e.AbstractTransferListenerAdapter - Downloaded https://repo.maven.apache.org/maven2/mysql/mysql-connector-java/5.1.42/mysql-connector-java-5.1.42.pom
2017-09-21 23:26:58,357 [Worker-11] INFO  o.e.m.c.i.e.AbstractTransferListenerAdapter - Downloaded https://repo.maven.apache.org/maven2/br/com/seniorsolution/maven/04_ExemploMaven/1.1/04_ExemploMaven-1.1.pom
2017-09-21 23:26:58,363 [Worker-11] WARN  o.e.m.c.i.embedder.EclipseLogger - The POM for br.com.seniorsolution.maven:04_ExemploMaven:jar:1.1 is missing, no dependency information available
2017-09-21 23:26:59,117 [Worker-11] INFO  o.e.m.c.i.e.AbstractTransferListenerAdapter - Downloading https://repo.maven.apache.org/maven2/mysql/mysql-connector-java/5.1.42/mysql-connector-java-5.1.42.jar
2017-09-21 23:27:00,577 [Worker-11] INFO  o.e.m.c.i.e.AbstractTransferListenerAdapter - Downloaded https://repo.maven.apache.org/maven2/mysql/mysql-connector-java/5.1.42/mysql-connector-java-5.1.42.jar
2017-09-21 23:27:00,793 [Worker-11] INFO  o.e.m.c.i.e.AbstractTransferListenerAdapter - Downloaded https://repo.maven.apache.org/maven2/br/com/seniorsolution/maven/04_ExemploMaven/1.1/04_ExemploMaven-1.1.jar
2017-09-21 23:27:01,455 [Worker-11] WARN  o.e.m.c.i.embedder.EclipseLogger - The POM for br.com.seniorsolution.maven:04_ExemploMaven:jar:1.1 is missing, no dependency information available
2017-09-21 23:27:03,217 [Worker-11] WARN  o.e.m.c.i.embedder.EclipseLogger - Using platform encoding (Cp1252 actually) to copy filtered resources, i.e. build is platform dependent!
2017-09-21 23:27:03,230 [Worker-11] INFO  o.e.m.c.i.embedder.EclipseLogger - skip non existing resourceDirectory C:\Users\TIO BIGA\FACULDADE\TREINAMENTOS\Impacta Exercs\Modulo02\Modulo02\03_ProjetoWeb\src\main\resources
2017-09-21 23:27:03,232 [Worker-11] WARN  o.e.m.c.i.embedder.EclipseLogger - Using platform encoding (Cp1252 actually) to copy filtered resources, i.e. build is platform dependent!
2017-09-21 23:27:03,239 [Worker-11] INFO  o.e.m.c.i.embedder.EclipseLogger - skip non existing resourceDirectory C:\Users\TIO BIGA\FACULDADE\TREINAMENTOS\Impacta Exercs\Modulo02\Modulo02\03_ProjetoWeb\src\test\resources
2017-09-21 23:27:03,537 [Worker-20] WARN  o.e.m.c.i.embedder.EclipseLogger - The POM for br.com.seniorsolution.maven:04_ExemploMaven:jar:1.1 is missing, no dependency information available
2017-09-21 23:27:03,562 [Worker-20] WARN  o.e.m.c.i.embedder.EclipseLogger - Using platform encoding (Cp1252 actually) to copy filtered resources, i.e. build is platform dependent!
2017-09-21 23:27:03,570 [Worker-20] INFO  o.e.m.c.i.embedder.EclipseLogger - skip non existing resourceDirectory C:\Users\TIO BIGA\FACULDADE\TREINAMENTOS\Impacta Exercs\Modulo02\Modulo02\03_ProjetoWeb\src\main\resources
2017-09-21 23:27:03,572 [Worker-20] WARN  o.e.m.c.i.embedder.EclipseLogger - Using platform encoding (Cp1252 actually) to copy filtered resources, i.e. build is platform dependent!
2017-09-21 23:27:03,585 [Worker-20] INFO  o.e.m.c.i.embedder.EclipseLogger - skip non existing resourceDirectory C:\Users\TIO BIGA\FACULDADE\TREINAMENTOS\Impacta Exercs\Modulo02\Modulo02\03_ProjetoWeb\src\test\resources
2017-09-21 23:27:03,825 [Worker-20] INFO  o.e.m.c.i.l.LifecycleMappingFactory - Using org.eclipse.m2e.jdt.JarLifecycleMapping lifecycle mapping for MavenProject: br.com.seniorsolution.maven:04_ExemploMaven:1.1 @ C:\Users\TIO BIGA\FACULDADE\TREINAMENTOS\Impacta Exercs\Modulo02\Modulo02\04_ExemploMaven\pom.xml.
2017-09-21 23:27:03,918 [Worker-20] INFO  o.e.m.c.i.l.LifecycleMappingFactory - Using org.maven.ide.eclipse.wtp.WarLifecycleMapping lifecycle mapping for MavenProject: br.com.seniorsolution.mavenweb:03_ProjetoWeb:1.0.0 @ C:\Users\TIO BIGA\FACULDADE\TREINAMENTOS\Impacta Exercs\Modulo02\Modulo02\03_ProjetoWeb\pom.xml.
2017-09-21 23:27:04,278 [Worker-20] WARN  o.e.m.c.i.embedder.EclipseLogger - Using platform encoding (Cp1252 actually) to copy filtered resources, i.e. build is platform dependent!
2017-09-21 23:27:04,284 [Worker-20] INFO  o.e.m.c.i.embedder.EclipseLogger - skip non existing resourceDirectory C:\Users\TIO BIGA\FACULDADE\TREINAMENTOS\Impacta Exercs\Modulo02\Modulo02\04_ExemploMaven\src\main\resources
2017-09-21 23:27:04,286 [Worker-20] WARN  o.e.m.c.i.embedder.EclipseLogger - Using platform encoding (Cp1252 actually) to copy filtered resources, i.e. build is platform dependent!
2017-09-21 23:27:04,292 [Worker-20] INFO  o.e.m.c.i.embedder.EclipseLogger - skip non existing resourceDirectory C:\Users\TIO BIGA\FACULDADE\TREINAMENTOS\Impacta Exercs\Modulo02\Modulo02\04_ExemploMaven\src\test\resources
2017-09-21 23:27:05,500 [Worker-23] WARN  o.e.m.c.i.embedder.EclipseLogger - Using platform encoding (Cp1252 actually) to copy filtered resources, i.e. build is platform dependent!
2017-09-21 23:27:05,511 [Worker-23] INFO  o.e.m.c.i.embedder.EclipseLogger - skip non existing resourceDirectory C:\Users\TIO BIGA\FACULDADE\TREINAMENTOS\Impacta Exercs\Modulo02\Modulo02\03_ProjetoWeb\src\main\resources
2017-09-21 23:27:05,521 [Worker-23] WARN  o.e.m.c.i.embedder.EclipseLogger - Using platform encoding (Cp1252 actually) to copy filtered resources, i.e. build is platform dependent!
2017-09-21 23:27:05,528 [Worker-23] INFO  o.e.m.c.i.embedder.EclipseLogger - skip non existing resourceDirectory C:\Users\TIO BIGA\FACULDADE\TREINAMENTOS\Impacta Exercs\Modulo02\Modulo02\03_ProjetoWeb\src\test\resources
2017-09-21 23:27:05,668 [Worker-23] WARN  o.e.m.c.i.embedder.EclipseLogger - Using platform encoding (Cp1252 actually) to copy filtered resources, i.e. build is platform dependent!
2017-09-21 23:27:05,681 [Worker-23] INFO  o.e.m.c.i.embedder.EclipseLogger - skip non existing resourceDirectory C:\Users\TIO BIGA\FACULDADE\TREINAMENTOS\Impacta Exercs\Modulo02\Modulo02\04_ExemploMaven\src\main\resources
2017-09-21 23:27:05,688 [Worker-23] WARN  o.e.m.c.i.embedder.EclipseLogger - Using platform encoding (Cp1252 actually) to copy filtered resources, i.e. build is platform dependent!
2017-09-21 23:27:05,699 [Worker-23] INFO  o.e.m.c.i.embedder.EclipseLogger - skip non existing resourceDirectory C:\Users\TIO BIGA\FACULDADE\TREINAMENTOS\Impacta Exercs\Modulo02\Modulo02\04_ExemploMaven\src\test\resources
2017-09-21 23:27:23,941 [Worker-17] WARN  o.e.m.c.i.embedder.EclipseLogger - Using platform encoding (Cp1252 actually) to copy filtered resources, i.e. build is platform dependent!
2017-09-21 23:27:23,950 [Worker-17] INFO  o.e.m.c.i.embedder.EclipseLogger - skip non existing resourceDirectory C:\Users\TIO BIGA\FACULDADE\TREINAMENTOS\Impacta Exercs\Modulo02\Modulo02\01_ConceitosDependencia\src\main\resources
2017-09-21 23:27:23,958 [Worker-17] WARN  o.e.m.c.i.embedder.EclipseLogger - Using platform encoding (Cp1252 actually) to copy filtered resources, i.e. build is platform dependent!
2017-09-21 23:27:23,979 [Worker-17] INFO  o.e.m.c.i.embedder.EclipseLogger - skip non existing resourceDirectory C:\Users\TIO BIGA\FACULDADE\TREINAMENTOS\Impacta Exercs\Modulo02\Modulo02\01_ConceitosDependencia\src\test\resources
2017-09-21 23:27:23,994 [Worker-17] WARN  o.e.m.c.i.embedder.EclipseLogger - Using platform encoding (Cp1252 actually) to copy filtered resources, i.e. build is platform dependent!
2017-09-21 23:27:24,006 [Worker-17] INFO  o.e.m.c.i.embedder.EclipseLogger - skip non existing resourceDirectory C:\Users\TIO BIGA\FACULDADE\TREINAMENTOS\Impacta Exercs\Modulo02\Modulo02\03_ProjetoWeb\src\main\resources
2017-09-21 23:27:24,017 [Worker-17] WARN  o.e.m.c.i.embedder.EclipseLogger - Using platform encoding (Cp1252 actually) to copy filtered resources, i.e. build is platform dependent!
2017-09-21 23:27:24,027 [Worker-17] INFO  o.e.m.c.i.embedder.EclipseLogger - skip non existing resourceDirectory C:\Users\TIO BIGA\FACULDADE\TREINAMENTOS\Impacta Exercs\Modulo02\Modulo02\03_ProjetoWeb\src\test\resources
2017-09-21 23:27:24,033 [Worker-17] WARN  o.e.m.c.i.embedder.EclipseLogger - Using platform encoding (Cp1252 actually) to copy filtered resources, i.e. build is platform dependent!
2017-09-21 23:27:24,041 [Worker-17] INFO  o.e.m.c.i.embedder.EclipseLogger - skip non existing resourceDirectory C:\Users\TIO BIGA\FACULDADE\TREINAMENTOS\Impacta Exercs\Modulo02\Modulo02\04_ExemploMaven\src\main\resources
2017-09-21 23:27:24,049 [Worker-17] WARN  o.e.m.c.i.embedder.EclipseLogger - Using platform encoding (Cp1252 actually) to copy filtered resources, i.e. build is platform dependent!
2017-09-21 23:27:24,057 [Worker-17] INFO  o.e.m.c.i.embedder.EclipseLogger - skip non existing resourceDirectory C:\Users\TIO BIGA\FACULDADE\TREINAMENTOS\Impacta Exercs\Modulo02\Modulo02\04_ExemploMaven\src\test\resources
2017-09-21 23:35:52,839 [Worker-17] WARN  o.e.m.c.i.embedder.EclipseLogger - Using platform encoding (Cp1252 actually) to copy filtered resources, i.e. build is platform dependent!
2017-09-21 23:35:52,851 [Worker-17] INFO  o.e.m.c.i.embedder.EclipseLogger - skip non existing resourceDirectory C:\Users\TIO BIGA\FACULDADE\TREINAMENTOS\Impacta Exercs\Modulo02\Modulo02\03_ProjetoWeb\src\main\resources
2017-09-21 23:35:52,853 [Worker-17] WARN  o.e.m.c.i.embedder.EclipseLogger - Using platform encoding (Cp1252 actually) to copy filtered resources, i.e. build is platform dependent!
2017-09-21 23:35:52,862 [Worker-17] INFO  o.e.m.c.i.embedder.EclipseLogger - skip non existing resourceDirectory C:\Users\TIO BIGA\FACULDADE\TREINAMENTOS\Impacta Exercs\Modulo02\Modulo02\03_ProjetoWeb\src\test\resources
2017-09-21 23:37:06,720 [Worker-30] WARN  o.e.m.c.i.embedder.EclipseLogger - Using platform encoding (Cp1252 actually) to copy filtered resources, i.e. build is platform dependent!
2017-09-21 23:37:06,728 [Worker-30] INFO  o.e.m.c.i.embedder.EclipseLogger - skip non existing resourceDirectory C:\Users\TIO BIGA\FACULDADE\TREINAMENTOS\Impacta Exercs\Modulo02\Modulo02\01_ConceitosDependencia\src\main\resources
2017-09-21 23:37:06,729 [Worker-30] WARN  o.e.m.c.i.embedder.EclipseLogger - Using platform encoding (Cp1252 actually) to copy filtered resources, i.e. build is platform dependent!
2017-09-21 23:37:06,736 [Worker-30] INFO  o.e.m.c.i.embedder.EclipseLogger - skip non existing resourceDirectory C:\Users\TIO BIGA\FACULDADE\TREINAMENTOS\Impacta Exercs\Modulo02\Modulo02\01_ConceitosDependencia\src\test\resources
2017-09-21 23:37:06,808 [Worker-30] WARN  o.e.m.c.i.embedder.EclipseLogger - Using platform encoding (Cp1252 actually) to copy filtered resources, i.e. build is platform dependent!
2017-09-21 23:37:06,815 [Worker-30] INFO  o.e.m.c.i.embedder.EclipseLogger - skip non existing resourceDirectory C:\Users\TIO BIGA\FACULDADE\TREINAMENTOS\Impacta Exercs\Modulo02\Modulo02\03_ProjetoWeb\src\main\resources
2017-09-21 23:37:06,816 [Worker-30] WARN  o.e.m.c.i.embedder.EclipseLogger - Using platform encoding (Cp1252 actually) to copy filtered resources, i.e. build is platform dependent!
2017-09-21 23:37:06,822 [Worker-30] INFO  o.e.m.c.i.embedder.EclipseLogger - skip non existing resourceDirectory C:\Users\TIO BIGA\FACULDADE\TREINAMENTOS\Impacta Exercs\Modulo02\Modulo02\03_ProjetoWeb\src\test\resources
2017-09-22 00:04:53,509 [Worker-41] WARN  o.e.m.c.i.embedder.EclipseLogger - Using platform encoding (Cp1252 actually) to copy filtered resources, i.e. build is platform dependent!
2017-09-22 00:04:53,520 [Worker-41] INFO  o.e.m.c.i.embedder.EclipseLogger - skip non existing resourceDirectory C:\Users\TIO BIGA\FACULDADE\TREINAMENTOS\Impacta Exercs\Modulo02\Modulo02\01_ConceitosDependencia\src\main\resources
2017-09-22 00:04:53,529 [Worker-41] WARN  o.e.m.c.i.embedder.EclipseLogger - Using platform encoding (Cp1252 actually) to copy filtered resources, i.e. build is platform dependent!
2017-09-22 00:04:53,536 [Worker-41] INFO  o.e.m.c.i.embedder.EclipseLogger - skip non existing resourceDirectory C:\Users\TIO BIGA\FACULDADE\TREINAMENTOS\Impacta Exercs\Modulo02\Modulo02\01_ConceitosDependencia\src\test\resources
2017-09-22 00:05:14,034 [Worker-41] WARN  o.e.m.c.i.embedder.EclipseLogger - Using platform encoding (Cp1252 actually) to copy filtered resources, i.e. build is platform dependent!
2017-09-22 00:05:14,040 [Worker-41] INFO  o.e.m.c.i.embedder.EclipseLogger - skip non existing resourceDirectory C:\Users\TIO BIGA\FACULDADE\TREINAMENTOS\Impacta Exercs\Modulo02\Modulo02\01_ConceitosDependencia\src\main\resources
2017-09-22 00:05:14,047 [Worker-41] WARN  o.e.m.c.i.embedder.EclipseLogger - Using platform encoding (Cp1252 actually) to copy filtered resources, i.e. build is platform dependent!
2017-09-22 00:05:14,058 [Worker-41] INFO  o.e.m.c.i.embedder.EclipseLogger - skip non existing resourceDirectory C:\Users\TIO BIGA\FACULDADE\TREINAMENTOS\Impacta Exercs\Modulo02\Modulo02\01_ConceitosDependencia\src\test\resources
2017-09-22 00:26:08,585 [Worker-47] WARN  o.e.m.c.i.embedder.EclipseLogger - Using platform encoding (Cp1252 actually) to copy filtered resources, i.e. build is platform dependent!
2017-09-22 00:26:08,592 [Worker-47] INFO  o.e.m.c.i.embedder.EclipseLogger - skip non existing resourceDirectory C:\Users\TIO BIGA\FACULDADE\TREINAMENTOS\Impacta Exercs\Modulo02\Modulo02\01_ConceitosDependencia\src\main\resources
2017-09-22 00:26:08,599 [Worker-47] WARN  o.e.m.c.i.embedder.EclipseLogger - Using platform encoding (Cp1252 actually) to copy filtered resources, i.e. build is platform dependent!
2017-09-22 00:26:08,610 [Worker-47] INFO  o.e.m.c.i.embedder.EclipseLogger - skip non existing resourceDirectory C:\Users\TIO BIGA\FACULDADE\TREINAMENTOS\Impacta Exercs\Modulo02\Modulo02\01_ConceitosDependencia\src\test\resources
2017-09-22 00:36:28,037 [Worker-56] WARN  o.e.m.c.i.embedder.EclipseLogger - Using platform encoding (Cp1252 actually) to copy filtered resources, i.e. build is platform dependent!
2017-09-22 00:36:28,044 [Worker-56] INFO  o.e.m.c.i.embedder.EclipseLogger - skip non existing resourceDirectory C:\Users\TIO BIGA\FACULDADE\TREINAMENTOS\Impacta Exercs\Modulo02\Modulo02\01_ConceitosDependencia\src\main\resources
2017-09-22 00:36:28,050 [Worker-56] WARN  o.e.m.c.i.embedder.EclipseLogger - Using platform encoding (Cp1252 actually) to copy filtered resources, i.e. build is platform dependent!
2017-09-22 00:36:28,064 [Worker-56] INFO  o.e.m.c.i.embedder.EclipseLogger - skip non existing resourceDirectory C:\Users\TIO BIGA\FACULDADE\TREINAMENTOS\Impacta Exercs\Modulo02\Modulo02\01_ConceitosDependencia\src\test\resources
2017-09-22 00:36:30,343 [Worker-58] WARN  o.e.m.c.i.embedder.EclipseLogger - Using platform encoding (Cp1252 actually) to copy filtered resources, i.e. build is platform dependent!
2017-09-22 00:36:30,350 [Worker-58] INFO  o.e.m.c.i.embedder.EclipseLogger - skip non existing resourceDirectory C:\Users\TIO BIGA\FACULDADE\TREINAMENTOS\Impacta Exercs\Modulo02\Modulo02\01_ConceitosDependencia\src\main\resources
2017-09-22 00:36:30,356 [Worker-58] WARN  o.e.m.c.i.embedder.EclipseLogger - Using platform encoding (Cp1252 actually) to copy filtered resources, i.e. build is platform dependent!
2017-09-22 00:36:30,367 [Worker-58] INFO  o.e.m.c.i.embedder.EclipseLogger - skip non existing resourceDirectory C:\Users\TIO BIGA\FACULDADE\TREINAMENTOS\Impacta Exercs\Modulo02\Modulo02\01_ConceitosDependencia\src\test\resources
2017-09-22 20:53:26,050 [Worker-5] INFO  c.g.t.t.d.PublishedGradleVersions - Gradle version information cache is up-to-date. Trying to read.
2017-09-22 20:53:43,473 [Worker-9] WARN  o.e.m.c.i.embedder.EclipseLogger - Using platform encoding (Cp1252 actually) to copy filtered resources, i.e. build is platform dependent!
2017-09-22 20:53:43,482 [Worker-9] INFO  o.e.m.c.i.embedder.EclipseLogger - skip non existing resourceDirectory C:\Users\TIO BIGA\FACULDADE\TREINAMENTOS\Impacta Exercs\Modulo02\Modulo02\03_ProjetoWeb\src\main\resources
2017-09-22 20:53:43,485 [Worker-9] WARN  o.e.m.c.i.embedder.EclipseLogger - Using platform encoding (Cp1252 actually) to copy filtered resources, i.e. build is platform dependent!
2017-09-22 20:53:43,492 [Worker-9] INFO  o.e.m.c.i.embedder.EclipseLogger - skip non existing resourceDirectory C:\Users\TIO BIGA\FACULDADE\TREINAMENTOS\Impacta Exercs\Modulo02\Modulo02\03_ProjetoWeb\src\test\resources
2017-09-23 00:53:26,495 [Worker-0] INFO  c.g.t.t.d.PublishedGradleVersions - Gradle version information cache is out-of-date. Trying to update.
2017-09-23 00:53:34,503 [Worker-7] WARN  o.e.m.c.i.embedder.EclipseLogger - Using platform encoding (Cp1252 actually) to copy filtered resources, i.e. build is platform dependent!
2017-09-23 00:53:34,514 [Worker-7] INFO  o.e.m.c.i.embedder.EclipseLogger - skip non existing resourceDirectory C:\Users\TIO BIGA\FACULDADE\TREINAMENTOS\Impacta Exercs\Modulo02\Modulo02\01_ConceitosDependencia\src\main\resources
2017-09-23 00:53:34,517 [Worker-7] WARN  o.e.m.c.i.embedder.EclipseLogger - Using platform encoding (Cp1252 actually) to copy filtered resources, i.e. build is platform dependent!
2017-09-23 00:53:34,525 [Worker-7] INFO  o.e.m.c.i.embedder.EclipseLogger - skip non existing resourceDirectory C:\Users\TIO BIGA\FACULDADE\TREINAMENTOS\Impacta Exercs\Modulo02\Modulo02\01_ConceitosDependencia\src\test\resources
2017-09-23 00:53:35,510 [Worker-7] WARN  o.e.m.c.i.embedder.EclipseLogger - Using platform encoding (Cp1252 actually) to copy filtered resources, i.e. build is platform dependent!
2017-09-23 00:53:35,520 [Worker-7] INFO  o.e.m.c.i.embedder.EclipseLogger - skip non existing resourceDirectory C:\Users\TIO BIGA\FACULDADE\TREINAMENTOS\Impacta Exercs\Modulo02\Modulo02\04_ExemploMaven\src\main\resources
2017-09-23 00:53:35,522 [Worker-7] WARN  o.e.m.c.i.embedder.EclipseLogger - Using platform encoding (Cp1252 actually) to copy filtered resources, i.e. build is platform dependent!
2017-09-23 00:53:35,531 [Worker-7] INFO  o.e.m.c.i.embedder.EclipseLogger - skip non existing resourceDirectory C:\Users\TIO BIGA\FACULDADE\TREINAMENTOS\Impacta Exercs\Modulo02\Modulo02\04_ExemploMaven\src\test\resources
2017-09-23 00:53:35,735 [Worker-7] WARN  o.e.m.c.i.embedder.EclipseLogger - Using platform encoding (Cp1252 actually) to copy filtered resources, i.e. build is platform dependent!
2017-09-23 00:53:35,745 [Worker-7] INFO  o.e.m.c.i.embedder.EclipseLogger - skip non existing resourceDirectory C:\Users\TIO BIGA\FACULDADE\TREINAMENTOS\Impacta Exercs\Modulo02\Modulo02\03_ProjetoWeb\src\main\resources
2017-09-23 00:53:35,746 [Worker-7] WARN  o.e.m.c.i.embedder.EclipseLogger - Using platform encoding (Cp1252 actually) to copy filtered resources, i.e. build is platform dependent!
2017-09-23 00:53:35,760 [Worker-7] INFO  o.e.m.c.i.embedder.EclipseLogger - skip non existing resourceDirectory C:\Users\TIO BIGA\FACULDADE\TREINAMENTOS\Impacta Exercs\Modulo02\Modulo02\03_ProjetoWeb\src\test\resources
2017-09-23 20:26:57,536 [Worker-0] INFO  c.g.t.t.d.PublishedGradleVersions - Gradle version information cache is up-to-date. Trying to read.
2017-09-23 20:27:31,086 [Worker-10] WARN  o.e.m.c.i.embedder.EclipseLogger - Using platform encoding (Cp1252 actually) to copy filtered resources, i.e. build is platform dependent!
2017-09-23 20:27:31,113 [Worker-10] INFO  o.e.m.c.i.embedder.EclipseLogger - skip non existing resourceDirectory C:\Users\TIO BIGA\FACULDADE\TREINAMENTOS\Impacta Exercs\Modulo02\Modulo02\03_ProjetoWeb\src\main\resources
2017-09-23 20:27:31,116 [Worker-10] WARN  o.e.m.c.i.embedder.EclipseLogger - Using platform encoding (Cp1252 actually) to copy filtered resources, i.e. build is platform dependent!
2017-09-23 20:27:31,125 [Worker-10] INFO  o.e.m.c.i.embedder.EclipseLogger - skip non existing resourceDirectory C:\Users\TIO BIGA\FACULDADE\TREINAMENTOS\Impacta Exercs\Modulo02\Modulo02\03_ProjetoWeb\src\test\resources
2017-10-19 22:36:47,941 [Worker-5] INFO  c.g.t.t.d.PublishedGradleVersions - Gradle version information cache is up-to-date. Trying to read.
2017-10-19 22:36:58,339 [Worker-0] INFO  o.e.m.c.i.l.LifecycleMappingFactory - Using org.eclipse.m2e.jdt.JarLifecycleMapping lifecycle mapping for MavenProject: br.com.seniorsolution.mavendao:01_ConceitosDependencia:1.0.0 @ C:\Users\TIO BIGA\FACULDADE\TREINAMENTOS\Impacta Exercs\Modulo02\Modulo02\01_ConceitosDependencia\pom.xml.
2017-10-19 22:36:58,339 [Worker-2] INFO  o.e.m.c.i.l.LifecycleMappingFactory - Using org.eclipse.m2e.jdt.JarLifecycleMapping lifecycle mapping for MavenProject: br.com.seniorsolution.mavendao:01_ConceitosDependencia:1.0.0 @ C:\Users\TIO BIGA\FACULDADE\TREINAMENTOS\Impacta Exercs\Modulo02\Modulo02\01_ConceitosDependencia\pom.xml.
2017-10-19 22:36:58,872 [Worker-0] WARN  o.e.m.c.i.embedder.EclipseLogger - Using platform encoding (Cp1252 actually) to copy filtered resources, i.e. build is platform dependent!
2017-10-19 22:36:58,880 [Worker-0] INFO  o.e.m.c.i.embedder.EclipseLogger - skip non existing resourceDirectory C:\Users\TIO BIGA\FACULDADE\TREINAMENTOS\Impacta Exercs\Modulo02\Modulo02\01_ConceitosDependencia\src\main\resources
2017-10-19 22:36:58,882 [Worker-0] WARN  o.e.m.c.i.embedder.EclipseLogger - Using platform encoding (Cp1252 actually) to copy filtered resources, i.e. build is platform dependent!
2017-10-19 22:36:58,889 [Worker-0] INFO  o.e.m.c.i.embedder.EclipseLogger - skip non existing resourceDirectory C:\Users\TIO BIGA\FACULDADE\TREINAMENTOS\Impacta Exercs\Modulo02\Modulo02\01_ConceitosDependencia\src\test\resources
2017-10-19 22:36:59,894 [Worker-14] INFO  o.e.m.c.i.l.LifecycleMappingFactory - Using org.eclipse.m2e.jdt.JarLifecycleMapping lifecycle mapping for MavenProject: br.com.seniorsolution.mavendao:01_ConceitosDependencia:1.0.0 @ C:\Users\TIO BIGA\FACULDADE\TREINAMENTOS\Impacta Exercs\Modulo02\Modulo02\01_ConceitosDependencia\pom.xml.
2017-10-19 22:37:00,286 [Worker-14] INFO  o.e.m.c.i.l.LifecycleMappingFactory - Using org.maven.ide.eclipse.wtp.WarLifecycleMapping lifecycle mapping for MavenProject: br.com.seniorsolution.mavenweb:03_ProjetoWeb:1.0.0 @ C:\Users\TIO BIGA\FACULDADE\TREINAMENTOS\Impacta Exercs\Modulo02\Modulo02\03_ProjetoWeb\pom.xml.
2017-10-19 22:37:00,355 [Worker-3] INFO  o.e.m.c.i.l.LifecycleMappingFactory - Using org.eclipse.m2e.jdt.JarLifecycleMapping lifecycle mapping for MavenProject: br.com.seniorsolution.maven:04_ExemploMaven:1.1 @ C:\Users\TIO BIGA\FACULDADE\TREINAMENTOS\Impacta Exercs\Modulo02\Modulo02\04_ExemploMaven\pom.xml.
2017-10-19 22:37:00,579 [Worker-3] WARN  o.e.m.c.i.embedder.EclipseLogger - Using platform encoding (Cp1252 actually) to copy filtered resources, i.e. build is platform dependent!
2017-10-19 22:37:00,587 [Worker-3] INFO  o.e.m.c.i.embedder.EclipseLogger - skip non existing resourceDirectory C:\Users\TIO BIGA\FACULDADE\TREINAMENTOS\Impacta Exercs\Modulo02\Modulo02\04_ExemploMaven\src\main\resources
2017-10-19 22:37:00,590 [Worker-3] WARN  o.e.m.c.i.embedder.EclipseLogger - Using platform encoding (Cp1252 actually) to copy filtered resources, i.e. build is platform dependent!
2017-10-19 22:37:00,598 [Worker-3] INFO  o.e.m.c.i.embedder.EclipseLogger - skip non existing resourceDirectory C:\Users\TIO BIGA\FACULDADE\TREINAMENTOS\Impacta Exercs\Modulo02\Modulo02\04_ExemploMaven\src\test\resources
2017-10-19 22:37:01,125 [Worker-3] INFO  o.e.m.c.i.l.LifecycleMappingFactory - Using org.maven.ide.eclipse.wtp.WarLifecycleMapping lifecycle mapping for MavenProject: br.com.seniorsolution.mavenweb:03_ProjetoWeb:1.0.0 @ C:\Users\TIO BIGA\FACULDADE\TREINAMENTOS\Impacta Exercs\Modulo02\Modulo02\03_ProjetoWeb\pom.xml.
2017-10-19 22:37:03,226 [Worker-3] WARN  o.e.m.c.i.embedder.EclipseLogger - Using platform encoding (Cp1252 actually) to copy filtered resources, i.e. build is platform dependent!
2017-10-19 22:37:03,286 [Worker-3] INFO  o.e.m.c.i.embedder.EclipseLogger - skip non existing resourceDirectory C:\Users\TIO BIGA\FACULDADE\TREINAMENTOS\Impacta Exercs\Modulo02\Modulo02\03_ProjetoWeb\src\main\resources
2017-10-19 22:37:03,288 [Worker-3] WARN  o.e.m.c.i.embedder.EclipseLogger - Using platform encoding (Cp1252 actually) to copy filtered resources, i.e. build is platform dependent!
2017-10-19 22:37:03,296 [Worker-3] INFO  o.e.m.c.i.embedder.EclipseLogger - skip non existing resourceDirectory C:\Users\TIO BIGA\FACULDADE\TREINAMENTOS\Impacta Exercs\Modulo02\Modulo02\03_ProjetoWeb\src\test\resources
2017-10-19 22:37:03,812 [Worker-8] INFO  o.e.m.c.i.l.LifecycleMappingFactory - Using org.eclipse.m2e.jdt.JarLifecycleMapping lifecycle mapping for MavenProject: br.com.seniorsolution.mavendao:01_ConceitosDependencia:1.0.0 @ C:\Users\TIO BIGA\FACULDADE\TREINAMENTOS\Impacta Exercs\Modulo02\Modulo02\01_ConceitosDependencia\pom.xml.
2017-10-19 22:37:03,920 [Worker-8] INFO  o.e.m.c.i.l.LifecycleMappingFactory - Using org.maven.ide.eclipse.wtp.WarLifecycleMapping lifecycle mapping for MavenProject: br.com.seniorsolution.mavenweb:03_ProjetoWeb:1.0.0 @ C:\Users\TIO BIGA\FACULDADE\TREINAMENTOS\Impacta Exercs\Modulo02\Modulo02\03_ProjetoWeb\pom.xml.
2017-10-19 22:37:04,007 [Worker-8] INFO  o.e.m.c.i.l.LifecycleMappingFactory - Using org.eclipse.m2e.jdt.JarLifecycleMapping lifecycle mapping for MavenProject: br.com.seniorsolution.maven:04_ExemploMaven:1.1 @ C:\Users\TIO BIGA\FACULDADE\TREINAMENTOS\Impacta Exercs\Modulo02\Modulo02\04_ExemploMaven\pom.xml.
2017-10-19 22:37:04,841 [Worker-4] WARN  o.e.m.c.i.embedder.EclipseLogger - Using platform encoding (Cp1252 actually) to copy filtered resources, i.e. build is platform dependent!
2017-10-19 22:37:04,849 [Worker-4] INFO  o.e.m.c.i.embedder.EclipseLogger - skip non existing resourceDirectory C:\Users\TIO BIGA\FACULDADE\TREINAMENTOS\Impacta Exercs\Modulo02\Modulo02\01_ConceitosDependencia\src\main\resources
2017-10-19 22:37:04,858 [Worker-4] WARN  o.e.m.c.i.embedder.EclipseLogger - Using platform encoding (Cp1252 actually) to copy filtered resources, i.e. build is platform dependent!
2017-10-19 22:37:04,874 [Worker-4] INFO  o.e.m.c.i.embedder.EclipseLogger - skip non existing resourceDirectory C:\Users\TIO BIGA\FACULDADE\TREINAMENTOS\Impacta Exercs\Modulo02\Modulo02\01_ConceitosDependencia\src\test\resources
2017-10-19 22:37:04,898 [Worker-4] WARN  o.e.m.c.i.embedder.EclipseLogger - Using platform encoding (Cp1252 actually) to copy filtered resources, i.e. build is platform dependent!
2017-10-19 22:37:04,908 [Worker-4] INFO  o.e.m.c.i.embedder.EclipseLogger - skip non existing resourceDirectory C:\Users\TIO BIGA\FACULDADE\TREINAMENTOS\Impacta Exercs\Modulo02\Modulo02\04_ExemploMaven\src\main\resources
2017-10-19 22:37:04,915 [Worker-4] WARN  o.e.m.c.i.embedder.EclipseLogger - Using platform encoding (Cp1252 actually) to copy filtered resources, i.e. build is platform dependent!
2017-10-19 22:37:04,923 [Worker-4] INFO  o.e.m.c.i.embedder.EclipseLogger - skip non existing resourceDirectory C:\Users\TIO BIGA\FACULDADE\TREINAMENTOS\Impacta Exercs\Modulo02\Modulo02\04_ExemploMaven\src\test\resources
2017-10-19 22:37:04,949 [Worker-4] WARN  o.e.m.c.i.embedder.EclipseLogger - Using platform encoding (Cp1252 actually) to copy filtered resources, i.e. build is platform dependent!
2017-10-19 22:37:04,958 [Worker-4] INFO  o.e.m.c.i.embedder.EclipseLogger - skip non existing resourceDirectory C:\Users\TIO BIGA\FACULDADE\TREINAMENTOS\Impacta Exercs\Modulo02\Modulo02\03_ProjetoWeb\src\main\resources
2017-10-19 22:37:04,966 [Worker-4] WARN  o.e.m.c.i.embedder.EclipseLogger - Using platform encoding (Cp1252 actually) to copy filtered resources, i.e. build is platform dependent!
2017-10-19 22:37:04,976 [Worker-4] INFO  o.e.m.c.i.embedder.EclipseLogger - skip non existing resourceDirectory C:\Users\TIO BIGA\FACULDADE\TREINAMENTOS\Impacta Exercs\Modulo02\Modulo02\03_ProjetoWeb\src\test\resources
