2017-09-20 22:14:21,587 [Worker-1] INFO  c.g.t.t.d.PublishedGradleVersions - Gradle version information cache is out-of-date. Trying to update.
2017-09-21 23:22:08,744 [Worker-0] INFO  c.g.t.t.d.PublishedGradleVersions - Gradle version information cache is out-of-date. Trying to update.
2017-09-23 21:54:03,032 [Worker-4] INFO  c.g.t.t.d.PublishedGradleVersions - Gradle version information cache is up-to-date. Trying to read.
2017-09-29 01:07:36,260 [Worker-0] INFO  c.g.t.t.d.PublishedGradleVersions - Gradle version information cache is out-of-date. Trying to update.
2017-09-29 01:08:37,041 [Worker-3] INFO  o.e.m.c.i.l.LifecycleMappingFactory - Using org.maven.ide.eclipse.wtp.WarLifecycleMapping lifecycle mapping for MavenProject: br.com.seniorsolution.mavenweb:02_VendasJPA:0.0.1 @ C:\Users\TIO BIGA\FACULDADE\TREINAMENTOS\Impacta Exercs\Modulo03\02_VendasJPA\pom.xml.
2017-09-29 01:08:39,893 [Worker-18] WARN  o.e.m.c.i.embedder.EclipseLogger - Using platform encoding (Cp1252 actually) to copy filtered resources, i.e. build is platform dependent!
2017-09-29 01:08:39,949 [Worker-18] INFO  o.e.m.c.i.embedder.EclipseLogger - Copying 1 resource
2017-09-29 01:08:39,983 [Worker-18] WARN  o.e.m.c.i.embedder.EclipseLogger - Using platform encoding (Cp1252 actually) to copy filtered resources, i.e. build is platform dependent!
2017-09-29 01:08:39,994 [Worker-18] INFO  o.e.m.c.i.embedder.EclipseLogger - skip non existing resourceDirectory C:\Users\TIO BIGA\FACULDADE\TREINAMENTOS\Impacta Exercs\Modulo03\02_VendasJPA\src\test\resources
2017-09-29 01:08:52,614 [Worker-15] INFO  o.e.m.c.i.p.ProjectConfigurationManager - Update started
2017-09-29 01:08:53,047 [Worker-15] INFO  o.e.m.c.i.l.LifecycleMappingFactory - Using org.maven.ide.eclipse.wtp.WarLifecycleMapping lifecycle mapping for MavenProject: br.com.seniorsolution.mavenweb:02_VendasJPA:0.0.1 @ C:\Users\TIO BIGA\FACULDADE\TREINAMENTOS\Impacta Exercs\Modulo03\02_VendasJPA\pom.xml.
2017-09-29 01:08:53,776 [Worker-15] INFO  o.e.m.j.i.AbstractJavaProjectConfigurator - Adding source folder /02_VendasJPA/src
2017-09-29 01:08:53,777 [Worker-15] INFO  o.e.m.j.i.AbstractJavaProjectConfigurator - Resources folder /02_VendasJPA/src overlaps with sources folder /02_VendasJPA/src
2017-09-29 01:08:53,777 [Worker-15] INFO  o.e.m.j.i.AbstractJavaProjectConfigurator - Not adding source folder /02_VendasJPA/src/test/java because it overlaps with /02_VendasJPA/src
2017-09-29 01:08:54,178 [Worker-15] INFO  o.e.m.w.i.f.ResourceFilteringBuildParticipant - Cleaning filtered folder for 02_VendasJPA
2017-09-29 01:08:54,186 [Worker-15] INFO  o.e.m.c.i.p.ProjectConfigurationManager - Update completed: 1 sec
2017-09-29 01:08:55,107 [Worker-18] WARN  o.e.m.c.i.embedder.EclipseLogger - Using platform encoding (Cp1252 actually) to copy filtered resources, i.e. build is platform dependent!
2017-09-29 01:08:55,119 [Worker-18] INFO  o.e.m.c.i.embedder.EclipseLogger - Copying 1 resource
2017-09-29 01:08:55,135 [Worker-18] WARN  o.e.m.c.i.embedder.EclipseLogger - Using platform encoding (Cp1252 actually) to copy filtered resources, i.e. build is platform dependent!
2017-09-29 01:08:55,166 [Worker-18] INFO  o.e.m.c.i.embedder.EclipseLogger - skip non existing resourceDirectory C:\Users\TIO BIGA\FACULDADE\TREINAMENTOS\Impacta Exercs\Modulo03\02_VendasJPA\src\test\resources
2017-09-29 01:08:55,166 [Worker-18] INFO  o.e.m.w.i.f.ResourceFilteringBuildParticipant - Changed resources require a complete clean of filtered resources of 02_VendasJPA
2017-09-29 01:08:55,167 [Worker-18] INFO  o.e.m.w.i.f.ResourceFilteringBuildParticipant - Executing resource filtering for 02_VendasJPA
2017-09-29 01:08:55,173 [Worker-18] WARN  o.e.m.c.i.embedder.EclipseLogger - The POM for org.apache.maven.plugins:maven-clean-plugin:jar:2.5 is missing, no dependency information available
2017-09-29 01:08:55,199 [Worker-18] WARN  o.e.m.c.i.embedder.EclipseLogger - Using platform encoding (Cp1252 actually) to copy filtered resources, i.e. build is platform dependent!
2017-09-29 01:09:30,403 [Worker-11] WARN  o.e.m.c.i.embedder.EclipseLogger - Using platform encoding (Cp1252 actually) to copy filtered resources, i.e. build is platform dependent!
2017-09-29 01:09:30,425 [Worker-11] INFO  o.e.m.c.i.embedder.EclipseLogger - Copying 1 resource
2017-09-29 01:09:30,431 [Worker-11] WARN  o.e.m.c.i.embedder.EclipseLogger - Using platform encoding (Cp1252 actually) to copy filtered resources, i.e. build is platform dependent!
2017-09-29 01:09:30,448 [Worker-11] INFO  o.e.m.c.i.embedder.EclipseLogger - skip non existing resourceDirectory C:\Users\TIO BIGA\FACULDADE\TREINAMENTOS\Impacta Exercs\Modulo03\02_VendasJPA\src\test\resources
2017-09-29 01:22:06,142 [Worker-19] WARN  o.e.m.c.i.embedder.EclipseLogger - Using platform encoding (Cp1252 actually) to copy filtered resources, i.e. build is platform dependent!
2017-09-29 01:22:06,171 [Worker-19] INFO  o.e.m.c.i.embedder.EclipseLogger - Copying 1 resource
2017-09-29 01:22:06,184 [Worker-19] WARN  o.e.m.c.i.embedder.EclipseLogger - Using platform encoding (Cp1252 actually) to copy filtered resources, i.e. build is platform dependent!
2017-09-29 01:22:06,198 [Worker-19] INFO  o.e.m.c.i.embedder.EclipseLogger - skip non existing resourceDirectory C:\Users\TIO BIGA\FACULDADE\TREINAMENTOS\Impacta Exercs\Modulo03\02_VendasJPA\src\test\resources
2017-09-29 01:32:00,460 [Worker-30] WARN  o.e.m.c.i.embedder.EclipseLogger - Using platform encoding (Cp1252 actually) to copy filtered resources, i.e. build is platform dependent!
2017-09-29 01:32:00,472 [Worker-30] INFO  o.e.m.c.i.embedder.EclipseLogger - Copying 1 resource
2017-09-29 01:32:00,474 [Worker-30] WARN  o.e.m.c.i.embedder.EclipseLogger - Using platform encoding (Cp1252 actually) to copy filtered resources, i.e. build is platform dependent!
2017-09-29 01:32:00,487 [Worker-30] INFO  o.e.m.c.i.embedder.EclipseLogger - skip non existing resourceDirectory C:\Users\TIO BIGA\FACULDADE\TREINAMENTOS\Impacta Exercs\Modulo03\02_VendasJPA\src\test\resources
